# JRE version: OpenJDK Runtime Environment (8.0_212-b04) (build 1.8.0_212-release-1586-b04)
# Java VM: OpenJDK 64-Bit Server VM (25.212-b04 mixed mode windows-amd64 compressed oops)
Heap:
 PSYoungGen      total 392192K, used 289176K [0x00000000e0000000, 0x00000000ff000000, 0x0000000100000000)
  eden space 277504K, 100% used [0x00000000e0000000,0x00000000f0f00000,0x00000000f0f00000)
  from space 114688K, 10% used [0x00000000f8000000,0x00000000f8b66060,0x00000000ff000000)
  to   space 115200K, 0% used [0x00000000f0f00000,0x00000000f0f00000,0x00000000f7f80000)
 ParOldGen       total 478208K, used 186187K [0x00000000a0000000, 0x00000000bd300000, 0x00000000e0000000)
  object space 478208K, 38% used [0x00000000a0000000,0x00000000ab5d2ca0,0x00000000bd300000)
 Metaspace       used 180682K, capacity 191504K, committed 193344K, reserved 1218560K
  class space    used 21655K, capacity 23697K, committed 24152K, reserved 1048576K
GC Heap History (10 events):
Event: 4234.656 GC heap before
{Heap before GC invocations=65 (full 5):
 PSYoungGen      total 358400K, used 282737K [0x00000000e0000000, 0x00000000ffc80000, 0x0000000100000000)
  eden space 217600K, 100% used [0x00000000e0000000,0x00000000ed480000,0x00000000ed480000)
  from space 140800K, 46% used [0x00000000ed480000,0x00000000f141c738,0x00000000f5e00000)
  to   space 139264K, 0% used [0x00000000f7480000,0x00000000f7480000,0x00000000ffc80000)
 ParOldGen       total 478208K, used 145705K [0x00000000a0000000, 0x00000000bd300000, 0x00000000e0000000)
  object space 478208K, 30% used [0x00000000a0000000,0x00000000a8e4a460,0x00000000bd300000)
 Metaspace       used 179979K, capacity 190718K, committed 192832K, reserved 1218560K
  class space    used 21624K, capacity 23652K, committed 24152K, reserved 1048576K
Event: 4234.665 GC heap after
Heap after GC invocations=65 (full 5):
 PSYoungGen      total 378368K, used 9974K [0x00000000e0000000, 0x00000000ff780000, 0x0000000100000000)
  eden space 244224K, 0% used [0x00000000e0000000,0x00000000e0000000,0x00000000eee80000)
  from space 134144K, 7% used [0x00000000f7480000,0x00000000f7e3d978,0x00000000ff780000)
  to   space 135680K, 0% used [0x00000000eee80000,0x00000000eee80000,0x00000000f7300000)
 ParOldGen       total 478208K, used 150843K [0x00000000a0000000, 0x00000000bd300000, 0x00000000e0000000)
  object space 478208K, 31% used [0x00000000a0000000,0x00000000a934ec00,0x00000000bd300000)
 Metaspace       used 179979K, capacity 190718K, committed 192832K, reserved 1218560K
  class space    used 21624K, capacity 23652K, committed 24152K, reserved 1048576K
}
Event: 4235.076 GC heap before
{Heap before GC invocations=66 (full 5):
 PSYoungGen      total 378368K, used 254198K [0x00000000e0000000, 0x00000000ff780000, 0x0000000100000000)
  eden space 244224K, 100% used [0x00000000e0000000,0x00000000eee80000,0x00000000eee80000)
  from space 134144K, 7% used [0x00000000f7480000,0x00000000f7e3d978,0x00000000ff780000)
  to   space 135680K, 0% used [0x00000000eee80000,0x00000000eee80000,0x00000000f7300000)
 ParOldGen       total 478208K, used 150843K [0x00000000a0000000, 0x00000000bd300000, 0x00000000e0000000)
  object space 478208K, 31% used [0x00000000a0000000,0x00000000a934ec00,0x00000000bd300000)
 Metaspace       used 180034K, capacity 190790K, committed 192832K, reserved 1218560K
  class space    used 21627K, capacity 23654K, committed 24152K, reserved 1048576K
Event: 4235.082 GC heap after
Heap after GC invocations=66 (full 5):
 PSYoungGen      total 379904K, used 5870K [0x00000000e0000000, 0x00000000ffa80000, 0x0000000100000000)
  eden space 244224K, 0% used [0x00000000e0000000,0x00000000e0000000,0x00000000eee80000)
  from space 135680K, 4% used [0x00000000eee80000,0x00000000ef43bbf0,0x00000000f7300000)
  to   space 132096K, 0% used [0x00000000f7980000,0x00000000f7980000,0x00000000ffa80000)
 ParOldGen       total 478208K, used 153945K [0x00000000a0000000, 0x00000000bd300000, 0x00000000e0000000)
  object space 478208K, 32% used [0x00000000a0000000,0x00000000a9656478,0x00000000bd300000)
 Metaspace       used 180034K, capacity 190790K, committed 192832K, reserved 1218560K
  class space    used 21627K, capacity 23654K, committed 24152K, reserved 1048576K
}
Event: 4235.507 GC heap before
{Heap before GC invocations=67 (full 5):
 PSYoungGen      total 379904K, used 250094K [0x00000000e0000000, 0x00000000ffa80000, 0x0000000100000000)
  eden space 244224K, 100% used [0x00000000e0000000,0x00000000eee80000,0x00000000eee80000)
  from space 135680K, 4% used [0x00000000eee80000,0x00000000ef43bbf0,0x00000000f7300000)
  to   space 132096K, 0% used [0x00000000f7980000,0x00000000f7980000,0x00000000ffa80000)
 ParOldGen       total 478208K, used 153945K [0x00000000a0000000, 0x00000000bd300000, 0x00000000e0000000)
  object space 478208K, 32% used [0x00000000a0000000,0x00000000a9656478,0x00000000bd300000)
 Metaspace       used 180350K, capacity 191106K, committed 193088K, reserved 1218560K
  class space    used 21649K, capacity 23662K, committed 24152K, reserved 1048576K
Event: 4235.516 GC heap after
Heap after GC invocations=67 (full 5):
 PSYoungGen      total 380416K, used 12134K [0x00000000e0000000, 0x00000000ff280000, 0x0000000100000000)
  eden space 256512K, 0% used [0x00000000e0000000,0x00000000e0000000,0x00000000efa80000)
  from space 123904K, 9% used [0x00000000f7980000,0x00000000f8559a28,0x00000000ff280000)
  to   space 126976K, 0% used [0x00000000efa80000,0x00000000efa80000,0x00000000f7680000)
 ParOldGen       total 478208K, used 158333K [0x00000000a0000000, 0x00000000bd300000, 0x00000000e0000000)
  object space 478208K, 33% used [0x00000000a0000000,0x00000000a9a9f630,0x00000000bd300000)
 Metaspace       used 180350K, capacity 191106K, committed 193088K, reserved 1218560K
  class space    used 21649K, capacity 23662K, committed 24152K, reserved 1048576K
}
Event: 4235.911 GC heap before
{Heap before GC invocations=68 (full 5):
 PSYoungGen      total 380416K, used 268646K [0x00000000e0000000, 0x00000000ff280000, 0x0000000100000000)
  eden space 256512K, 100% used [0x00000000e0000000,0x00000000efa80000,0x00000000efa80000)
  from space 123904K, 9% used [0x00000000f7980000,0x00000000f8559a28,0x00000000ff280000)
  to   space 126976K, 0% used [0x00000000efa80000,0x00000000efa80000,0x00000000f7680000)
 ParOldGen       total 478208K, used 158333K [0x00000000a0000000, 0x00000000bd300000, 0x00000000e0000000)
  object space 478208K, 33% used [0x00000000a0000000,0x00000000a9a9f630,0x00000000bd300000)
 Metaspace       used 180488K, capacity 191256K, committed 193088K, reserved 1218560K
  class space    used 21650K, capacity 23663K, committed 24152K, reserved 1048576K
Event: 4235.931 GC heap after
Heap after GC invocations=68 (full 5):
 PSYoungGen      total 383488K, used 21478K [0x00000000e0000000, 0x00000000ff500000, 0x0000000100000000)
  eden space 256512K, 0% used [0x00000000e0000000,0x00000000e0000000,0x00000000efa80000)
  from space 126976K, 16% used [0x00000000efa80000,0x00000000f0f798f8,0x00000000f7680000)
  to   space 119808K, 0% used [0x00000000f8000000,0x00000000f8000000,0x00000000ff500000)
 ParOldGen       total 478208K, used 167673K [0x00000000a0000000, 0x00000000bd300000, 0x00000000e0000000)
  object space 478208K, 35% used [0x00000000a0000000,0x00000000aa3be788,0x00000000bd300000)
 Metaspace       used 180488K, capacity 191256K, committed 193088K, reserved 1218560K
  class space    used 21650K, capacity 23663K, committed 24152K, reserved 1048576K
}
Event: 4236.192 GC heap before
{Heap before GC invocations=69 (full 5):
 PSYoungGen      total 383488K, used 277990K [0x00000000e0000000, 0x00000000ff500000, 0x0000000100000000)
  eden space 256512K, 100% used [0x00000000e0000000,0x00000000efa80000,0x00000000efa80000)
  from space 126976K, 16% used [0x00000000efa80000,0x00000000f0f798f8,0x00000000f7680000)
  to   space 119808K, 0% used [0x00000000f8000000,0x00000000f8000000,0x00000000ff500000)
 ParOldGen       total 478208K, used 167673K [0x00000000a0000000, 0x00000000bd300000, 0x00000000e0000000)
  object space 478208K, 35% used [0x00000000a0000000,0x00000000aa3be788,0x00000000bd300000)
 Metaspace       used 180612K, capacity 191432K, committed 193344K, reserved 1218560K
  class space    used 21654K, capacity 23697K, committed 24152K, reserved 1048576K
Event: 4236.211 GC heap after
Heap after GC invocations=69 (full 5):
 PSYoungGen      total 392192K, used 11672K [0x00000000e0000000, 0x00000000ff000000, 0x0000000100000000)
  eden space 277504K, 0% used [0x00000000e0000000,0x00000000e0000000,0x00000000f0f00000)
  from space 114688K, 10% used [0x00000000f8000000,0x00000000f8b66060,0x00000000ff000000)
  to   space 115200K, 0% used [0x00000000f0f00000,0x00000000f0f00000,0x00000000f7f80000)
 ParOldGen       total 478208K, used 186187K [0x00000000a0000000, 0x00000000bd300000, 0x00000000e0000000)
  object space 478208K, 38% used [0x00000000a0000000,0x00000000ab5d2ca0,0x00000000bd300000)
 Metaspace       used 180612K, capacity 191432K, committed 193344K, reserved 1218560K
  class space    used 21654K, capacity 23697K, committed 24152K, reserved 1048576K
}

